This is pdfTeX, Version 3.141592653-2.6-1.40.22 (TeX Live 2021/NixOS.org) (preloaded format=pdflatex 2022.2.10)  20 JUL 2024 20:31
entering extended mode
 restricted \write18 enabled.
 %&-line parsing enabled.
**main.tex
(./main.tex
LaTeX2e <2020-10-01> patch level 4
L3 programming layer <2021-02-18>
(/nix/store/wgzkhxc19ycsvcd3bqk44vyyvyfy59nb-texlive-combined-full-2021.2021040
8/share/texmf/tex/latex/base/article.cls
Document Class: article 2020/04/10 v1.4m Standard LaTeX document class

(/nix/store/wgzkhxc19ycsvcd3bqk44vyyvyfy59nb-texlive-combined-full-2021.2021040
8/share/texmf/tex/latex/base/size10.clo
File: size10.clo 2020/04/10 v1.4m Standard LaTeX file (size option)
)
\c@part=\count179
\c@section=\count180
\c@subsection=\count181
\c@subsubsection=\count182
\c@paragraph=\count183
\c@subparagraph=\count184
\c@figure=\count185
\c@table=\count186
\abovecaptionskip=\skip47
\belowcaptionskip=\skip48
\bibindent=\dimen138
)
(/nix/store/wgzkhxc19ycsvcd3bqk44vyyvyfy59nb-texlive-combined-full-2021.2021040
8/share/texmf/tex/latex/geometry/geometry.sty
Package: geometry 2020/01/02 v5.9 Page Geometry

(/nix/store/wgzkhxc19ycsvcd3bqk44vyyvyfy59nb-texlive-combined-full-2021.2021040
8/share/texmf/tex/latex/graphics/keyval.sty
Package: keyval 2014/10/28 v1.15 key=value parser (DPC)
\KV@toks@=\toks15
)
(/nix/store/wgzkhxc19ycsvcd3bqk44vyyvyfy59nb-texlive-combined-full-2021.2021040
8/share/texmf/tex/generic/iftex/ifvtex.sty
Package: ifvtex 2019/10/25 v1.7 ifvtex legacy package. Use iftex instead.

(/nix/store/wgzkhxc19ycsvcd3bqk44vyyvyfy59nb-texlive-combined-full-2021.2021040
8/share/texmf/tex/generic/iftex/iftex.sty
Package: iftex 2020/03/06 v1.0d TeX engine tests
))
\Gm@cnth=\count187
\Gm@cntv=\count188
\c@Gm@tempcnt=\count189
\Gm@bindingoffset=\dimen139
\Gm@wd@mp=\dimen140
\Gm@odd@mp=\dimen141
\Gm@even@mp=\dimen142
\Gm@layoutwidth=\dimen143
\Gm@layoutheight=\dimen144
\Gm@layouthoffset=\dimen145
\Gm@layoutvoffset=\dimen146
\Gm@dimlist=\toks16
)
(/nix/store/wgzkhxc19ycsvcd3bqk44vyyvyfy59nb-texlive-combined-full-2021.2021040
8/share/texmf/tex/latex/enumitem/enumitem.sty
Package: enumitem 2019/06/20 v3.9 Customized lists
\labelindent=\skip49
\enit@outerparindent=\dimen147
\enit@toks=\toks17
\enit@inbox=\box47
\enit@count@id=\count190
\enitdp@description=\count191
)
(/nix/store/wgzkhxc19ycsvcd3bqk44vyyvyfy59nb-texlive-combined-full-2021.2021040
8/share/texmf/tex/latex/graphics/graphicx.sty
Package: graphicx 2020/09/09 v1.2b Enhanced LaTeX Graphics (DPC,SPQR)

(/nix/store/wgzkhxc19ycsvcd3bqk44vyyvyfy59nb-texlive-combined-full-2021.2021040
8/share/texmf/tex/latex/graphics/graphics.sty
Package: graphics 2020/08/30 v1.4c Standard LaTeX Graphics (DPC,SPQR)

(/nix/store/wgzkhxc19ycsvcd3bqk44vyyvyfy59nb-texlive-combined-full-2021.2021040
8/share/texmf/tex/latex/graphics/trig.sty
Package: trig 2016/01/03 v1.10 sin cos tan (DPC)
)
(/nix/store/wgzkhxc19ycsvcd3bqk44vyyvyfy59nb-texlive-combined-full-2021.2021040
8/share/texmf/tex/latex/graphics-cfg/graphics.cfg
File: graphics.cfg 2016/06/04 v1.11 sample graphics configuration
)
Package graphics Info: Driver file: pdftex.def on input line 105.

(/nix/store/wgzkhxc19ycsvcd3bqk44vyyvyfy59nb-texlive-combined-full-2021.2021040
8/share/texmf/tex/latex/graphics-def/pdftex.def
File: pdftex.def 2020/10/05 v1.2a Graphics/color driver for pdftex
))
\Gin@req@height=\dimen148
\Gin@req@width=\dimen149
)
(/nix/store/wgzkhxc19ycsvcd3bqk44vyyvyfy59nb-texlive-combined-full-2021.2021040
8/share/texmf/tex/latex/pgf/frontendlayer/tikz.sty
(/nix/store/wgzkhxc19ycsvcd3bqk44vyyvyfy59nb-texlive-combined-full-2021.2021040
8/share/texmf/tex/latex/pgf/basiclayer/pgf.sty
(/nix/store/wgzkhxc19ycsvcd3bqk44vyyvyfy59nb-texlive-combined-full-2021.2021040
8/share/texmf/tex/latex/pgf/utilities/pgfrcs.sty
(/nix/store/wgzkhxc19ycsvcd3bqk44vyyvyfy59nb-texlive-combined-full-2021.2021040
8/share/texmf/tex/generic/pgf/utilities/pgfutil-common.tex
\pgfutil@everybye=\toks18
\pgfutil@tempdima=\dimen150
\pgfutil@tempdimb=\dimen151

(/nix/store/wgzkhxc19ycsvcd3bqk44vyyvyfy59nb-texlive-combined-full-2021.2021040
8/share/texmf/tex/generic/pgf/utilities/pgfutil-common-lists.tex))
(/nix/store/wgzkhxc19ycsvcd3bqk44vyyvyfy59nb-texlive-combined-full-2021.2021040
8/share/texmf/tex/generic/pgf/utilities/pgfutil-latex.def
\pgfutil@abb=\box48
)
(/nix/store/wgzkhxc19ycsvcd3bqk44vyyvyfy59nb-texlive-combined-full-2021.2021040
8/share/texmf/tex/generic/pgf/utilities/pgfrcs.code.tex
(/nix/store/wgzkhxc19ycsvcd3bqk44vyyvyfy59nb-texlive-combined-full-2021.2021040
8/share/texmf/tex/generic/pgf/pgf.revision.tex)
Package: pgfrcs 2020/12/27 v3.1.8b (3.1.8b)
))
Package: pgf 2020/12/27 v3.1.8b (3.1.8b)

(/nix/store/wgzkhxc19ycsvcd3bqk44vyyvyfy59nb-texlive-combined-full-2021.2021040
8/share/texmf/tex/latex/pgf/basiclayer/pgfcore.sty
(/nix/store/wgzkhxc19ycsvcd3bqk44vyyvyfy59nb-texlive-combined-full-2021.2021040
8/share/texmf/tex/latex/pgf/systemlayer/pgfsys.sty
(/nix/store/wgzkhxc19ycsvcd3bqk44vyyvyfy59nb-texlive-combined-full-2021.2021040
8/share/texmf/tex/generic/pgf/systemlayer/pgfsys.code.tex
Package: pgfsys 2020/12/27 v3.1.8b (3.1.8b)

(/nix/store/wgzkhxc19ycsvcd3bqk44vyyvyfy59nb-texlive-combined-full-2021.2021040
8/share/texmf/tex/generic/pgf/utilities/pgfkeys.code.tex
\pgfkeys@pathtoks=\toks19
\pgfkeys@temptoks=\toks20

(/nix/store/wgzkhxc19ycsvcd3bqk44vyyvyfy59nb-texlive-combined-full-2021.2021040
8/share/texmf/tex/generic/pgf/utilities/pgfkeysfiltered.code.tex
\pgfkeys@tmptoks=\toks21
))
\pgf@x=\dimen152
\pgf@y=\dimen153
\pgf@xa=\dimen154
\pgf@ya=\dimen155
\pgf@xb=\dimen156
\pgf@yb=\dimen157
\pgf@xc=\dimen158
\pgf@yc=\dimen159
\pgf@xd=\dimen160
\pgf@yd=\dimen161
\w@pgf@writea=\write3
\r@pgf@reada=\read2
\c@pgf@counta=\count192
\c@pgf@countb=\count193
\c@pgf@countc=\count194
\c@pgf@countd=\count195
\t@pgf@toka=\toks22
\t@pgf@tokb=\toks23
\t@pgf@tokc=\toks24
\pgf@sys@id@count=\count196

(/nix/store/wgzkhxc19ycsvcd3bqk44vyyvyfy59nb-texlive-combined-full-2021.2021040
8/share/texmf/tex/generic/pgf/systemlayer/pgf.cfg
File: pgf.cfg 2020/12/27 v3.1.8b (3.1.8b)
)
Driver file for pgf: pgfsys-pdftex.def

(/nix/store/wgzkhxc19ycsvcd3bqk44vyyvyfy59nb-texlive-combined-full-2021.2021040
8/share/texmf/tex/generic/pgf/systemlayer/pgfsys-pdftex.def
File: pgfsys-pdftex.def 2020/12/27 v3.1.8b (3.1.8b)

(/nix/store/wgzkhxc19ycsvcd3bqk44vyyvyfy59nb-texlive-combined-full-2021.2021040
8/share/texmf/tex/generic/pgf/systemlayer/pgfsys-common-pdf.def
File: pgfsys-common-pdf.def 2020/12/27 v3.1.8b (3.1.8b)
)))
(/nix/store/wgzkhxc19ycsvcd3bqk44vyyvyfy59nb-texlive-combined-full-2021.2021040
8/share/texmf/tex/generic/pgf/systemlayer/pgfsyssoftpath.code.tex
File: pgfsyssoftpath.code.tex 2020/12/27 v3.1.8b (3.1.8b)
\pgfsyssoftpath@smallbuffer@items=\count197
\pgfsyssoftpath@bigbuffer@items=\count198
)
(/nix/store/wgzkhxc19ycsvcd3bqk44vyyvyfy59nb-texlive-combined-full-2021.2021040
8/share/texmf/tex/generic/pgf/systemlayer/pgfsysprotocol.code.tex
File: pgfsysprotocol.code.tex 2020/12/27 v3.1.8b (3.1.8b)
))
(/nix/store/wgzkhxc19ycsvcd3bqk44vyyvyfy59nb-texlive-combined-full-2021.2021040
8/share/texmf/tex/latex/xcolor/xcolor.sty
Package: xcolor 2016/05/11 v2.12 LaTeX color extensions (UK)

(/nix/store/wgzkhxc19ycsvcd3bqk44vyyvyfy59nb-texlive-combined-full-2021.2021040
8/share/texmf/tex/latex/graphics-cfg/color.cfg
File: color.cfg 2016/01/02 v1.6 sample color configuration
)
Package xcolor Info: Driver file: pdftex.def on input line 225.
Package xcolor Info: Model `cmy' substituted by `cmy0' on input line 1348.
Package xcolor Info: Model `hsb' substituted by `rgb' on input line 1352.
Package xcolor Info: Model `RGB' extended on input line 1364.
Package xcolor Info: Model `HTML' substituted by `rgb' on input line 1366.
Package xcolor Info: Model `Hsb' substituted by `hsb' on input line 1367.
Package xcolor Info: Model `tHsb' substituted by `hsb' on input line 1368.
Package xcolor Info: Model `HSB' substituted by `hsb' on input line 1369.
Package xcolor Info: Model `Gray' substituted by `gray' on input line 1370.
Package xcolor Info: Model `wave' substituted by `hsb' on input line 1371.
)
(/nix/store/wgzkhxc19ycsvcd3bqk44vyyvyfy59nb-texlive-combined-full-2021.2021040
8/share/texmf/tex/generic/pgf/basiclayer/pgfcore.code.tex
Package: pgfcore 2020/12/27 v3.1.8b (3.1.8b)

(/nix/store/wgzkhxc19ycsvcd3bqk44vyyvyfy59nb-texlive-combined-full-2021.2021040
8/share/texmf/tex/generic/pgf/math/pgfmath.code.tex
(/nix/store/wgzkhxc19ycsvcd3bqk44vyyvyfy59nb-texlive-combined-full-2021.2021040
8/share/texmf/tex/generic/pgf/math/pgfmathcalc.code.tex
(/nix/store/wgzkhxc19ycsvcd3bqk44vyyvyfy59nb-texlive-combined-full-2021.2021040
8/share/texmf/tex/generic/pgf/math/pgfmathutil.code.tex)
(/nix/store/wgzkhxc19ycsvcd3bqk44vyyvyfy59nb-texlive-combined-full-2021.2021040
8/share/texmf/tex/generic/pgf/math/pgfmathparser.code.tex
\pgfmath@dimen=\dimen162
\pgfmath@count=\count199
\pgfmath@box=\box49
\pgfmath@toks=\toks25
\pgfmath@stack@operand=\toks26
\pgfmath@stack@operation=\toks27
)
(/nix/store/wgzkhxc19ycsvcd3bqk44vyyvyfy59nb-texlive-combined-full-2021.2021040
8/share/texmf/tex/generic/pgf/math/pgfmathfunctions.code.tex
(/nix/store/wgzkhxc19ycsvcd3bqk44vyyvyfy59nb-texlive-combined-full-2021.2021040
8/share/texmf/tex/generic/pgf/math/pgfmathfunctions.basic.code.tex)
(/nix/store/wgzkhxc19ycsvcd3bqk44vyyvyfy59nb-texlive-combined-full-2021.2021040
8/share/texmf/tex/generic/pgf/math/pgfmathfunctions.trigonometric.code.tex)
(/nix/store/wgzkhxc19ycsvcd3bqk44vyyvyfy59nb-texlive-combined-full-2021.2021040
8/share/texmf/tex/generic/pgf/math/pgfmathfunctions.random.code.tex)
(/nix/store/wgzkhxc19ycsvcd3bqk44vyyvyfy59nb-texlive-combined-full-2021.2021040
8/share/texmf/tex/generic/pgf/math/pgfmathfunctions.comparison.code.tex)
(/nix/store/wgzkhxc19ycsvcd3bqk44vyyvyfy59nb-texlive-combined-full-2021.2021040
8/share/texmf/tex/generic/pgf/math/pgfmathfunctions.base.code.tex)
(/nix/store/wgzkhxc19ycsvcd3bqk44vyyvyfy59nb-texlive-combined-full-2021.2021040
8/share/texmf/tex/generic/pgf/math/pgfmathfunctions.round.code.tex)
(/nix/store/wgzkhxc19ycsvcd3bqk44vyyvyfy59nb-texlive-combined-full-2021.2021040
8/share/texmf/tex/generic/pgf/math/pgfmathfunctions.misc.code.tex)
(/nix/store/wgzkhxc19ycsvcd3bqk44vyyvyfy59nb-texlive-combined-full-2021.2021040
8/share/texmf/tex/generic/pgf/math/pgfmathfunctions.integerarithmetics.code.tex
)))
(/nix/store/wgzkhxc19ycsvcd3bqk44vyyvyfy59nb-texlive-combined-full-2021.2021040
8/share/texmf/tex/generic/pgf/math/pgfmathfloat.code.tex
\c@pgfmathroundto@lastzeros=\count266
))
(/nix/store/wgzkhxc19ycsvcd3bqk44vyyvyfy59nb-texlive-combined-full-2021.2021040
8/share/texmf/tex/generic/pgf/math/pgfint.code.tex)
(/nix/store/wgzkhxc19ycsvcd3bqk44vyyvyfy59nb-texlive-combined-full-2021.2021040
8/share/texmf/tex/generic/pgf/basiclayer/pgfcorepoints.code.tex
File: pgfcorepoints.code.tex 2020/12/27 v3.1.8b (3.1.8b)
\pgf@picminx=\dimen163
\pgf@picmaxx=\dimen164
\pgf@picminy=\dimen165
\pgf@picmaxy=\dimen166
\pgf@pathminx=\dimen167
\pgf@pathmaxx=\dimen168
\pgf@pathminy=\dimen169
\pgf@pathmaxy=\dimen170
\pgf@xx=\dimen171
\pgf@xy=\dimen172
\pgf@yx=\dimen173
\pgf@yy=\dimen174
\pgf@zx=\dimen175
\pgf@zy=\dimen176
)
(/nix/store/wgzkhxc19ycsvcd3bqk44vyyvyfy59nb-texlive-combined-full-2021.2021040
8/share/texmf/tex/generic/pgf/basiclayer/pgfcorepathconstruct.code.tex
File: pgfcorepathconstruct.code.tex 2020/12/27 v3.1.8b (3.1.8b)
\pgf@path@lastx=\dimen177
\pgf@path@lasty=\dimen178
)
(/nix/store/wgzkhxc19ycsvcd3bqk44vyyvyfy59nb-texlive-combined-full-2021.2021040
8/share/texmf/tex/generic/pgf/basiclayer/pgfcorepathusage.code.tex
File: pgfcorepathusage.code.tex 2020/12/27 v3.1.8b (3.1.8b)
\pgf@shorten@end@additional=\dimen179
\pgf@shorten@start@additional=\dimen180
)
(/nix/store/wgzkhxc19ycsvcd3bqk44vyyvyfy59nb-texlive-combined-full-2021.2021040
8/share/texmf/tex/generic/pgf/basiclayer/pgfcorescopes.code.tex
File: pgfcorescopes.code.tex 2020/12/27 v3.1.8b (3.1.8b)
\pgfpic=\box50
\pgf@hbox=\box51
\pgf@layerbox@main=\box52
\pgf@picture@serial@count=\count267
)
(/nix/store/wgzkhxc19ycsvcd3bqk44vyyvyfy59nb-texlive-combined-full-2021.2021040
8/share/texmf/tex/generic/pgf/basiclayer/pgfcoregraphicstate.code.tex
File: pgfcoregraphicstate.code.tex 2020/12/27 v3.1.8b (3.1.8b)
\pgflinewidth=\dimen181
)
(/nix/store/wgzkhxc19ycsvcd3bqk44vyyvyfy59nb-texlive-combined-full-2021.2021040
8/share/texmf/tex/generic/pgf/basiclayer/pgfcoretransformations.code.tex
File: pgfcoretransformations.code.tex 2020/12/27 v3.1.8b (3.1.8b)
\pgf@pt@x=\dimen182
\pgf@pt@y=\dimen183
\pgf@pt@temp=\dimen184
)
(/nix/store/wgzkhxc19ycsvcd3bqk44vyyvyfy59nb-texlive-combined-full-2021.2021040
8/share/texmf/tex/generic/pgf/basiclayer/pgfcorequick.code.tex
File: pgfcorequick.code.tex 2020/12/27 v3.1.8b (3.1.8b)
)
(/nix/store/wgzkhxc19ycsvcd3bqk44vyyvyfy59nb-texlive-combined-full-2021.2021040
8/share/texmf/tex/generic/pgf/basiclayer/pgfcoreobjects.code.tex
File: pgfcoreobjects.code.tex 2020/12/27 v3.1.8b (3.1.8b)
)
(/nix/store/wgzkhxc19ycsvcd3bqk44vyyvyfy59nb-texlive-combined-full-2021.2021040
8/share/texmf/tex/generic/pgf/basiclayer/pgfcorepathprocessing.code.tex
File: pgfcorepathprocessing.code.tex 2020/12/27 v3.1.8b (3.1.8b)
)
(/nix/store/wgzkhxc19ycsvcd3bqk44vyyvyfy59nb-texlive-combined-full-2021.2021040
8/share/texmf/tex/generic/pgf/basiclayer/pgfcorearrows.code.tex
File: pgfcorearrows.code.tex 2020/12/27 v3.1.8b (3.1.8b)
\pgfarrowsep=\dimen185
)
(/nix/store/wgzkhxc19ycsvcd3bqk44vyyvyfy59nb-texlive-combined-full-2021.2021040
8/share/texmf/tex/generic/pgf/basiclayer/pgfcoreshade.code.tex
File: pgfcoreshade.code.tex 2020/12/27 v3.1.8b (3.1.8b)
\pgf@max=\dimen186
\pgf@sys@shading@range@num=\count268
\pgf@shadingcount=\count269
)
(/nix/store/wgzkhxc19ycsvcd3bqk44vyyvyfy59nb-texlive-combined-full-2021.2021040
8/share/texmf/tex/generic/pgf/basiclayer/pgfcoreimage.code.tex
File: pgfcoreimage.code.tex 2020/12/27 v3.1.8b (3.1.8b)

(/nix/store/wgzkhxc19ycsvcd3bqk44vyyvyfy59nb-texlive-combined-full-2021.2021040
8/share/texmf/tex/generic/pgf/basiclayer/pgfcoreexternal.code.tex
File: pgfcoreexternal.code.tex 2020/12/27 v3.1.8b (3.1.8b)
\pgfexternal@startupbox=\box53
))
(/nix/store/wgzkhxc19ycsvcd3bqk44vyyvyfy59nb-texlive-combined-full-2021.2021040
8/share/texmf/tex/generic/pgf/basiclayer/pgfcorelayers.code.tex
File: pgfcorelayers.code.tex 2020/12/27 v3.1.8b (3.1.8b)
)
(/nix/store/wgzkhxc19ycsvcd3bqk44vyyvyfy59nb-texlive-combined-full-2021.2021040
8/share/texmf/tex/generic/pgf/basiclayer/pgfcoretransparency.code.tex
File: pgfcoretransparency.code.tex 2020/12/27 v3.1.8b (3.1.8b)
)
(/nix/store/wgzkhxc19ycsvcd3bqk44vyyvyfy59nb-texlive-combined-full-2021.2021040
8/share/texmf/tex/generic/pgf/basiclayer/pgfcorepatterns.code.tex
File: pgfcorepatterns.code.tex 2020/12/27 v3.1.8b (3.1.8b)
)
(/nix/store/wgzkhxc19ycsvcd3bqk44vyyvyfy59nb-texlive-combined-full-2021.2021040
8/share/texmf/tex/generic/pgf/basiclayer/pgfcorerdf.code.tex
File: pgfcorerdf.code.tex 2020/12/27 v3.1.8b (3.1.8b)
)))
(/nix/store/wgzkhxc19ycsvcd3bqk44vyyvyfy59nb-texlive-combined-full-2021.2021040
8/share/texmf/tex/generic/pgf/modules/pgfmoduleshapes.code.tex
File: pgfmoduleshapes.code.tex 2020/12/27 v3.1.8b (3.1.8b)
\pgfnodeparttextbox=\box54
)
(/nix/store/wgzkhxc19ycsvcd3bqk44vyyvyfy59nb-texlive-combined-full-2021.2021040
8/share/texmf/tex/generic/pgf/modules/pgfmoduleplot.code.tex
File: pgfmoduleplot.code.tex 2020/12/27 v3.1.8b (3.1.8b)
)
(/nix/store/wgzkhxc19ycsvcd3bqk44vyyvyfy59nb-texlive-combined-full-2021.2021040
8/share/texmf/tex/latex/pgf/compatibility/pgfcomp-version-0-65.sty
Package: pgfcomp-version-0-65 2020/12/27 v3.1.8b (3.1.8b)
\pgf@nodesepstart=\dimen187
\pgf@nodesepend=\dimen188
)
(/nix/store/wgzkhxc19ycsvcd3bqk44vyyvyfy59nb-texlive-combined-full-2021.2021040
8/share/texmf/tex/latex/pgf/compatibility/pgfcomp-version-1-18.sty
Package: pgfcomp-version-1-18 2020/12/27 v3.1.8b (3.1.8b)
))
(/nix/store/wgzkhxc19ycsvcd3bqk44vyyvyfy59nb-texlive-combined-full-2021.2021040
8/share/texmf/tex/latex/pgf/utilities/pgffor.sty
(/nix/store/wgzkhxc19ycsvcd3bqk44vyyvyfy59nb-texlive-combined-full-2021.2021040
8/share/texmf/tex/latex/pgf/utilities/pgfkeys.sty
(/nix/store/wgzkhxc19ycsvcd3bqk44vyyvyfy59nb-texlive-combined-full-2021.2021040
8/share/texmf/tex/generic/pgf/utilities/pgfkeys.code.tex))
(/nix/store/wgzkhxc19ycsvcd3bqk44vyyvyfy59nb-texlive-combined-full-2021.2021040
8/share/texmf/tex/latex/pgf/math/pgfmath.sty
(/nix/store/wgzkhxc19ycsvcd3bqk44vyyvyfy59nb-texlive-combined-full-2021.2021040
8/share/texmf/tex/generic/pgf/math/pgfmath.code.tex))
(/nix/store/wgzkhxc19ycsvcd3bqk44vyyvyfy59nb-texlive-combined-full-2021.2021040
8/share/texmf/tex/generic/pgf/utilities/pgffor.code.tex
Package: pgffor 2020/12/27 v3.1.8b (3.1.8b)

(/nix/store/wgzkhxc19ycsvcd3bqk44vyyvyfy59nb-texlive-combined-full-2021.2021040
8/share/texmf/tex/generic/pgf/math/pgfmath.code.tex)
\pgffor@iter=\dimen189
\pgffor@skip=\dimen190
\pgffor@stack=\toks28
\pgffor@toks=\toks29
))
(/nix/store/wgzkhxc19ycsvcd3bqk44vyyvyfy59nb-texlive-combined-full-2021.2021040
8/share/texmf/tex/generic/pgf/frontendlayer/tikz/tikz.code.tex
Package: tikz 2020/12/27 v3.1.8b (3.1.8b)

(/nix/store/wgzkhxc19ycsvcd3bqk44vyyvyfy59nb-texlive-combined-full-2021.2021040
8/share/texmf/tex/generic/pgf/libraries/pgflibraryplothandlers.code.tex
File: pgflibraryplothandlers.code.tex 2020/12/27 v3.1.8b (3.1.8b)
\pgf@plot@mark@count=\count270
\pgfplotmarksize=\dimen191
)
\tikz@lastx=\dimen192
\tikz@lasty=\dimen193
\tikz@lastxsaved=\dimen194
\tikz@lastysaved=\dimen195
\tikz@lastmovetox=\dimen196
\tikz@lastmovetoy=\dimen197
\tikzleveldistance=\dimen198
\tikzsiblingdistance=\dimen199
\tikz@figbox=\box55
\tikz@figbox@bg=\box56
\tikz@tempbox=\box57
\tikz@tempbox@bg=\box58
\tikztreelevel=\count271
\tikznumberofchildren=\count272
\tikznumberofcurrentchild=\count273
\tikz@fig@count=\count274

(/nix/store/wgzkhxc19ycsvcd3bqk44vyyvyfy59nb-texlive-combined-full-2021.2021040
8/share/texmf/tex/generic/pgf/modules/pgfmodulematrix.code.tex
File: pgfmodulematrix.code.tex 2020/12/27 v3.1.8b (3.1.8b)
\pgfmatrixcurrentrow=\count275
\pgfmatrixcurrentcolumn=\count276
\pgf@matrix@numberofcolumns=\count277
)
\tikz@expandcount=\count278

(/nix/store/wgzkhxc19ycsvcd3bqk44vyyvyfy59nb-texlive-combined-full-2021.2021040
8/share/texmf/tex/generic/pgf/frontendlayer/tikz/libraries/tikzlibrarytopaths.c
ode.tex
File: tikzlibrarytopaths.code.tex 2020/12/27 v3.1.8b (3.1.8b)
)))
(/nix/store/wgzkhxc19ycsvcd3bqk44vyyvyfy59nb-texlive-combined-full-2021.2021040
8/share/texmf/tex/latex/background/background.sty
Package: background 2014/03/04 v2.1 background material

(/nix/store/wgzkhxc19ycsvcd3bqk44vyyvyfy59nb-texlive-combined-full-2021.2021040
8/share/texmf/tex/latex/xkeyval/xkeyval.sty
Package: xkeyval 2020/11/20 v2.8 package option processing (HA)

(/nix/store/wgzkhxc19ycsvcd3bqk44vyyvyfy59nb-texlive-combined-full-2021.2021040
8/share/texmf/tex/generic/xkeyval/xkeyval.tex
(/nix/store/wgzkhxc19ycsvcd3bqk44vyyvyfy59nb-texlive-combined-full-2021.2021040
8/share/texmf/tex/generic/xkeyval/xkvutils.tex
\XKV@toks=\toks30
\XKV@tempa@toks=\toks31
)
\XKV@depth=\count279
File: xkeyval.tex 2014/12/03 v2.7a key=value parser (HA)
))
(/nix/store/wgzkhxc19ycsvcd3bqk44vyyvyfy59nb-texlive-combined-full-2021.2021040
8/share/texmf/tex/latex/everypage/everypage.sty
Package: everypage 2020/10/17 R2.0b Hooks to run on every page


Package everypage Warning: Functionality similar to this package has recently
(everypage)                been implemented in LaTeX. This package is now in
(everypage)                legacy status.
(everypage)                Please, don't use it in new documents and packages.


Package everypage Warning: You appear to be running a version of LaTeX
(everypage)                providing the new functionality.
(everypage)                Doing the best to deliver the original `everypage`
(everypage)                interface on top of it. Strict equivalence is
(everypage)                not possible, breakage may occur.
(everypage)                If truly needed, Use `everypage-1x` to force the
(everypage)                loading of an older code base.

)
(/nix/store/wgzkhxc19ycsvcd3bqk44vyyvyfy59nb-texlive-combined-full-2021.2021040
8/share/texmf/tex/latex/tools/afterpage.sty
Package: afterpage 2014/10/28 v1.08 After-Page Package (DPC)
\AP@output=\toks32
\AP@partial=\box59
\AP@footins=\box60
))
(/nix/store/wgzkhxc19ycsvcd3bqk44vyyvyfy59nb-texlive-combined-full-2021.2021040
8/share/texmf/tex/latex/hyperref/hyperref.sty
Package: hyperref 2021-02-27 v7.00k Hypertext links for LaTeX

(/nix/store/wgzkhxc19ycsvcd3bqk44vyyvyfy59nb-texlive-combined-full-2021.2021040
8/share/texmf/tex/generic/ltxcmds/ltxcmds.sty
Package: ltxcmds 2020-05-10 v1.25 LaTeX kernel commands for general use (HO)
)
(/nix/store/wgzkhxc19ycsvcd3bqk44vyyvyfy59nb-texlive-combined-full-2021.2021040
8/share/texmf/tex/generic/pdftexcmds/pdftexcmds.sty
Package: pdftexcmds 2020-06-27 v0.33 Utility functions of pdfTeX for LuaTeX (HO
)

(/nix/store/wgzkhxc19ycsvcd3bqk44vyyvyfy59nb-texlive-combined-full-2021.2021040
8/share/texmf/tex/generic/infwarerr/infwarerr.sty
Package: infwarerr 2019/12/03 v1.5 Providing info/warning/error messages (HO)
)
Package pdftexcmds Info: \pdf@primitive is available.
Package pdftexcmds Info: \pdf@ifprimitive is available.
Package pdftexcmds Info: \pdfdraftmode found.
)
(/nix/store/wgzkhxc19ycsvcd3bqk44vyyvyfy59nb-texlive-combined-full-2021.2021040
8/share/texmf/tex/generic/kvsetkeys/kvsetkeys.sty
Package: kvsetkeys 2019/12/15 v1.18 Key value parser (HO)
)
(/nix/store/wgzkhxc19ycsvcd3bqk44vyyvyfy59nb-texlive-combined-full-2021.2021040
8/share/texmf/tex/generic/kvdefinekeys/kvdefinekeys.sty
Package: kvdefinekeys 2019-12-19 v1.6 Define keys (HO)
)
(/nix/store/wgzkhxc19ycsvcd3bqk44vyyvyfy59nb-texlive-combined-full-2021.2021040
8/share/texmf/tex/generic/pdfescape/pdfescape.sty
Package: pdfescape 2019/12/09 v1.15 Implements pdfTeX's escape features (HO)
)
(/nix/store/wgzkhxc19ycsvcd3bqk44vyyvyfy59nb-texlive-combined-full-2021.2021040
8/share/texmf/tex/latex/hycolor/hycolor.sty
Package: hycolor 2020-01-27 v1.10 Color options for hyperref/bookmark (HO)
)
(/nix/store/wgzkhxc19ycsvcd3bqk44vyyvyfy59nb-texlive-combined-full-2021.2021040
8/share/texmf/tex/latex/letltxmacro/letltxmacro.sty
Package: letltxmacro 2019/12/03 v1.6 Let assignment for LaTeX macros (HO)
)
(/nix/store/wgzkhxc19ycsvcd3bqk44vyyvyfy59nb-texlive-combined-full-2021.2021040
8/share/texmf/tex/latex/auxhook/auxhook.sty
Package: auxhook 2019-12-17 v1.6 Hooks for auxiliary files (HO)
)
(/nix/store/wgzkhxc19ycsvcd3bqk44vyyvyfy59nb-texlive-combined-full-2021.2021040
8/share/texmf/tex/latex/kvoptions/kvoptions.sty
Package: kvoptions 2020-10-07 v3.14 Key value format for package options (HO)
)
\@linkdim=\dimen256
\Hy@linkcounter=\count280
\Hy@pagecounter=\count281

(/nix/store/wgzkhxc19ycsvcd3bqk44vyyvyfy59nb-texlive-combined-full-2021.2021040
8/share/texmf/tex/latex/hyperref/pd1enc.def
File: pd1enc.def 2021-02-27 v7.00k Hyperref: PDFDocEncoding definition (HO)
Now handling font encoding PD1 ...
... no UTF-8 mapping file for font encoding PD1
)
(/nix/store/wgzkhxc19ycsvcd3bqk44vyyvyfy59nb-texlive-combined-full-2021.2021040
8/share/texmf/tex/latex/hyperref/hyperref-langpatches.def
File: hyperref-langpatches.def 2021-02-27 v7.00k Hyperref: patches for babel la
nguages
)
(/nix/store/wgzkhxc19ycsvcd3bqk44vyyvyfy59nb-texlive-combined-full-2021.2021040
8/share/texmf/tex/generic/intcalc/intcalc.sty
Package: intcalc 2019/12/15 v1.3 Expandable calculations with integers (HO)
)
(/nix/store/wgzkhxc19ycsvcd3bqk44vyyvyfy59nb-texlive-combined-full-2021.2021040
8/share/texmf/tex/generic/etexcmds/etexcmds.sty
Package: etexcmds 2019/12/15 v1.7 Avoid name clashes with e-TeX commands (HO)
)
\Hy@SavedSpaceFactor=\count282

(/nix/store/wgzkhxc19ycsvcd3bqk44vyyvyfy59nb-texlive-combined-full-2021.2021040
8/share/texmf/tex/latex/hyperref/puenc.def
File: puenc.def 2021-02-27 v7.00k Hyperref: PDF Unicode definition (HO)
Now handling font encoding PU ...
... no UTF-8 mapping file for font encoding PU
)
Package hyperref Info: Hyper figures OFF on input line 4192.
Package hyperref Info: Link nesting OFF on input line 4197.
Package hyperref Info: Hyper index ON on input line 4200.
Package hyperref Info: Plain pages OFF on input line 4207.
Package hyperref Info: Backreferencing OFF on input line 4212.
Package hyperref Info: Implicit mode ON; LaTeX internals redefined.
Package hyperref Info: Bookmarks ON on input line 4445.
\c@Hy@tempcnt=\count283

(/nix/store/wgzkhxc19ycsvcd3bqk44vyyvyfy59nb-texlive-combined-full-2021.2021040
8/share/texmf/tex/latex/url/url.sty
\Urlmuskip=\muskip16
Package: url 2013/09/16  ver 3.4  Verb mode for urls, etc.
)
LaTeX Info: Redefining \url on input line 4804.
\XeTeXLinkMargin=\dimen257

(/nix/store/wgzkhxc19ycsvcd3bqk44vyyvyfy59nb-texlive-combined-full-2021.2021040
8/share/texmf/tex/generic/bitset/bitset.sty
Package: bitset 2019/12/09 v1.3 Handle bit-vector datatype (HO)

(/nix/store/wgzkhxc19ycsvcd3bqk44vyyvyfy59nb-texlive-combined-full-2021.2021040
8/share/texmf/tex/generic/bigintcalc/bigintcalc.sty
Package: bigintcalc 2019/12/15 v1.5 Expandable calculations on big integers (HO
)
))
\Fld@menulength=\count284
\Field@Width=\dimen258
\Fld@charsize=\dimen259
Package hyperref Info: Hyper figures OFF on input line 6075.
Package hyperref Info: Link nesting OFF on input line 6080.
Package hyperref Info: Hyper index ON on input line 6083.
Package hyperref Info: backreferencing OFF on input line 6090.
Package hyperref Info: Link coloring OFF on input line 6095.
Package hyperref Info: Link coloring with OCG OFF on input line 6100.
Package hyperref Info: PDF/A mode OFF on input line 6105.
LaTeX Info: Redefining \ref on input line 6145.
LaTeX Info: Redefining \pageref on input line 6149.

(/nix/store/wgzkhxc19ycsvcd3bqk44vyyvyfy59nb-texlive-combined-full-2021.2021040
8/share/texmf/tex/latex/base/atbegshi-ltx.sty
Package: atbegshi-ltx 2020/08/17 v1.0a Emulation of the original atbegshi packa
ge
with kernel methods
)
\Hy@abspage=\count285
\c@Item=\count286
\c@Hfootnote=\count287
)
Package hyperref Info: Driver (autodetected): hpdftex.

(/nix/store/wgzkhxc19ycsvcd3bqk44vyyvyfy59nb-texlive-combined-full-2021.2021040
8/share/texmf/tex/latex/hyperref/hpdftex.def
File: hpdftex.def 2021-02-27 v7.00k Hyperref driver for pdfTeX

(/nix/store/wgzkhxc19ycsvcd3bqk44vyyvyfy59nb-texlive-combined-full-2021.2021040
8/share/texmf/tex/latex/base/atveryend-ltx.sty
Package: atveryend-ltx 2020/08/19 v1.0a Emulation of the original atvery packag
e
with kernel methods
)
\Fld@listcount=\count288
\c@bookmark@seq@number=\count289

(/nix/store/wgzkhxc19ycsvcd3bqk44vyyvyfy59nb-texlive-combined-full-2021.2021040
8/share/texmf/tex/latex/rerunfilecheck/rerunfilecheck.sty
Package: rerunfilecheck 2019/12/05 v1.9 Rerun checks for auxiliary files (HO)

(/nix/store/wgzkhxc19ycsvcd3bqk44vyyvyfy59nb-texlive-combined-full-2021.2021040
8/share/texmf/tex/generic/uniquecounter/uniquecounter.sty
Package: uniquecounter 2019/12/15 v1.4 Provide unlimited unique counter (HO)
)
Package uniquecounter Info: New unique counter `rerunfilecheck' on input line 2
86.
)
\Hy@SectionHShift=\skip50
)
(/nix/store/wgzkhxc19ycsvcd3bqk44vyyvyfy59nb-texlive-combined-full-2021.2021040
8/share/texmf/tex/latex/titlesec/titlesec.sty
Package: titlesec 2019/10/16 v2.13 Sectioning titles
\ttl@box=\box61
\beforetitleunit=\skip51
\aftertitleunit=\skip52
\ttl@plus=\dimen260
\ttl@minus=\dimen261
\ttl@toksa=\toks33
\titlewidth=\dimen262
\titlewidthlast=\dimen263
\titlewidthfirst=\dimen264
)
(/nix/store/wgzkhxc19ycsvcd3bqk44vyyvyfy59nb-texlive-combined-full-2021.2021040
8/share/texmf/tex/latex/fancyhdr/fancyhdr.sty
Package: fancyhdr 2021/01/28 v4.0.1 Extensive control of page headers and foote
rs
\f@nch@headwidth=\skip53
\f@nch@O@elh=\skip54
\f@nch@O@erh=\skip55
\f@nch@O@olh=\skip56
\f@nch@O@orh=\skip57
\f@nch@O@elf=\skip58
\f@nch@O@erf=\skip59
\f@nch@O@olf=\skip60
\f@nch@O@orf=\skip61
)
(/nix/store/wgzkhxc19ycsvcd3bqk44vyyvyfy59nb-texlive-combined-full-2021.2021040
8/share/texmf/tex/latex/parskip/parskip.sty
Package: parskip 2021-03-14 v2.0h non-zero parskip adjustments

(/nix/store/wgzkhxc19ycsvcd3bqk44vyyvyfy59nb-texlive-combined-full-2021.2021040
8/share/texmf/tex/latex/etoolbox/etoolbox.sty
Package: etoolbox 2020/10/05 v2.5k e-TeX tools for LaTeX (JAW)
\etb@tempcnta=\count290
))
(/nix/store/wgzkhxc19ycsvcd3bqk44vyyvyfy59nb-texlive-combined-full-2021.2021040
8/share/texmf/tex/latex/tools/tabularx.sty
Package: tabularx 2020/01/15 v2.11c `tabularx' package (DPC)

(/nix/store/wgzkhxc19ycsvcd3bqk44vyyvyfy59nb-texlive-combined-full-2021.2021040
8/share/texmf/tex/latex/tools/array.sty
Package: array 2020/10/01 v2.5c Tabular extension package (FMi)
\col@sep=\dimen265
\ar@mcellbox=\box62
\extrarowheight=\dimen266
\NC@list=\toks34
\extratabsurround=\skip62
\backup@length=\skip63
\ar@cellbox=\box63
)
\TX@col@width=\dimen267
\TX@old@table=\dimen268
\TX@old@col=\dimen269
\TX@target=\dimen270
\TX@delta=\dimen271
\TX@cols=\count291
\TX@ftn=\toks35
)
(/nix/store/wgzkhxc19ycsvcd3bqk44vyyvyfy59nb-texlive-combined-full-2021.2021040
8/share/texmf/tex/latex/tools/multicol.sty
Package: multicol 2019/12/09 v1.8y multicolumn formatting (FMi)
\c@tracingmulticols=\count292
\mult@box=\box64
\multicol@leftmargin=\dimen272
\c@unbalance=\count293
\c@collectmore=\count294
\doublecol@number=\count295
\multicoltolerance=\count296
\multicolpretolerance=\count297
\full@width=\dimen273
\page@free=\dimen274
\premulticols=\dimen275
\postmulticols=\dimen276
\multicolsep=\skip64
\multicolbaselineskip=\skip65
\partial@page=\box65
\last@line=\box66
\maxbalancingoverflow=\dimen277
\mult@rightbox=\box67
\mult@grightbox=\box68
\mult@gfirstbox=\box69
\mult@firstbox=\box70
\@tempa=\box71
\@tempa=\box72
\@tempa=\box73
\@tempa=\box74
\@tempa=\box75
\@tempa=\box76
\@tempa=\box77
\@tempa=\box78
\@tempa=\box79
\@tempa=\box80
\@tempa=\box81
\@tempa=\box82
\@tempa=\box83
\@tempa=\box84
\@tempa=\box85
\@tempa=\box86
\@tempa=\box87
\@tempa=\box88
\@tempa=\box89
\@tempa=\box90
\@tempa=\box91
\@tempa=\box92
\@tempa=\box93
\@tempa=\box94
\@tempa=\box95
\@tempa=\box96
\@tempa=\box97
\@tempa=\box98
\@tempa=\box99
\@tempa=\box100
\@tempa=\box101
\@tempa=\box102
\@tempa=\box103
\@tempa=\box104
\@tempa=\box105
\@tempa=\box106
\@tempa=\box107
\c@minrows=\count298
\c@columnbadness=\count299
\c@finalcolumnbadness=\count300
\last@try=\dimen278
\multicolovershoot=\dimen279
\multicolundershoot=\dimen280
\mult@nat@firstbox=\box108
\colbreak@box=\box109
\mc@col@check@num=\count301
)
(/nix/store/wgzkhxc19ycsvcd3bqk44vyyvyfy59nb-texlive-combined-full-2021.2021040
8/share/texmf/tex/latex/lipsum/lipsum.sty
(/nix/store/wgzkhxc19ycsvcd3bqk44vyyvyfy59nb-texlive-combined-full-2021.2021040
8/share/texmf/tex/latex/l3kernel/expl3.sty
Package: expl3 2021-02-18 L3 programming layer (loader) 

(/nix/store/wgzkhxc19ycsvcd3bqk44vyyvyfy59nb-texlive-combined-full-2021.2021040
8/share/texmf/tex/latex/l3backend/l3backend-pdftex.def
File: l3backend-pdftex.def 2021-03-18 L3 backend support: PDF output (pdfTeX)
\l__color_backend_stack_int=\count302
\l__pdf_internal_box=\box110
))
(/nix/store/wgzkhxc19ycsvcd3bqk44vyyvyfy59nb-texlive-combined-full-2021.2021040
8/share/texmf/tex/latex/l3packages/xparse/xparse.sty
(/nix/store/wgzkhxc19ycsvcd3bqk44vyyvyfy59nb-texlive-combined-full-2021.2021040
8/share/texmf/tex/latex/l3packages/xparse/xparse-2020-10-01.sty
(/nix/store/wgzkhxc19ycsvcd3bqk44vyyvyfy59nb-texlive-combined-full-2021.2021040
8/share/texmf/tex/latex/l3packages/xparse/xparse-generic.tex)))
Package: lipsum 2021-03-03 v2.3 150 paragraphs of Lorem Ipsum dummy text

(/nix/store/wgzkhxc19ycsvcd3bqk44vyyvyfy59nb-texlive-combined-full-2021.2021040
8/share/texmf/tex/latex/lipsum/lipsum.ltd.tex
File: lipsum.ltd.tex 2021-03-03 v2.3 The Lorem ipsum dummy text
)) (./main.aux)
\openout1 = `main.aux'.

LaTeX Font Info:    Checking defaults for OML/cmm/m/it on input line 70.
LaTeX Font Info:    ... okay on input line 70.
LaTeX Font Info:    Checking defaults for OMS/cmsy/m/n on input line 70.
LaTeX Font Info:    ... okay on input line 70.
LaTeX Font Info:    Checking defaults for OT1/cmr/m/n on input line 70.
LaTeX Font Info:    ... okay on input line 70.
LaTeX Font Info:    Checking defaults for T1/cmr/m/n on input line 70.
LaTeX Font Info:    ... okay on input line 70.
LaTeX Font Info:    Checking defaults for TS1/cmr/m/n on input line 70.
LaTeX Font Info:    ... okay on input line 70.
LaTeX Font Info:    Checking defaults for OMX/cmex/m/n on input line 70.
LaTeX Font Info:    ... okay on input line 70.
LaTeX Font Info:    Checking defaults for U/cmr/m/n on input line 70.
LaTeX Font Info:    ... okay on input line 70.
LaTeX Font Info:    Checking defaults for PD1/pdf/m/n on input line 70.
LaTeX Font Info:    ... okay on input line 70.
LaTeX Font Info:    Checking defaults for PU/pdf/m/n on input line 70.
LaTeX Font Info:    ... okay on input line 70.

*geometry* driver: auto-detecting
*geometry* detected driver: pdftex
*geometry* verbose mode - [ preamble ] result:
* driver: pdftex
* paper: a4paper
* layout: <same size as paper>
* layoutoffset:(h,v)=(0.0pt,0.0pt)
* modes: 
* h-part:(L,W,R)=(72.26999pt, 452.9679pt, 72.26999pt)
* v-part:(T,H,B)=(72.26999pt, 700.50687pt, 72.26999pt)
* \paperwidth=597.50787pt
* \paperheight=845.04684pt
* \textwidth=452.9679pt
* \textheight=700.50687pt
* \oddsidemargin=0.0pt
* \evensidemargin=0.0pt
* \topmargin=-37.0pt
* \headheight=12.0pt
* \headsep=25.0pt
* \topskip=10.0pt
* \footskip=30.0pt
* \marginparwidth=57.0pt
* \marginparsep=11.0pt
* \columnsep=10.0pt
* \skip\footins=9.0pt plus 4.0pt minus 2.0pt
* \hoffset=0.0pt
* \voffset=0.0pt
* \mag=1000
* \@twocolumnfalse
* \@twosidefalse
* \@mparswitchfalse
* \@reversemarginfalse
* (1in=72.27pt=25.4mm, 1cm=28.453pt)


(/nix/store/wgzkhxc19ycsvcd3bqk44vyyvyfy59nb-texlive-combined-full-2021.2021040
8/share/texmf/tex/context/base/mkii/supp-pdf.mkii
[Loading MPS to PDF converter (version 2006.09.02).]
\scratchcounter=\count303
\scratchdimen=\dimen281
\scratchbox=\box111
\nofMPsegments=\count304
\nofMParguments=\count305
\everyMPshowfont=\toks36
\MPscratchCnt=\count306
\MPscratchDim=\dimen282
\MPnumerator=\count307
\makeMPintoPDFobject=\count308
\everyMPtoPDFconversion=\toks37
)
(/nix/store/wgzkhxc19ycsvcd3bqk44vyyvyfy59nb-texlive-combined-full-2021.2021040
8/share/texmf/tex/latex/epstopdf-pkg/epstopdf-base.sty
Package: epstopdf-base 2020-01-24 v2.11 Base part for package epstopdf
Package epstopdf-base Info: Redefining graphics rule for `.eps' on input line 4
85.

(/nix/store/wgzkhxc19ycsvcd3bqk44vyyvyfy59nb-texlive-combined-full-2021.2021040
8/share/texmf/tex/latex/latexconfig/epstopdf-sys.cfg
File: epstopdf-sys.cfg 2010/07/13 v1.3 Configuration of (r)epstopdf for TeX Liv
e
))
Package hyperref Info: Link coloring OFF on input line 70.

(/nix/store/wgzkhxc19ycsvcd3bqk44vyyvyfy59nb-texlive-combined-full-2021.2021040
8/share/texmf/tex/latex/hyperref/nameref.sty
Package: nameref 2021-04-02 v2.47 Cross-referencing by name of section

(/nix/store/wgzkhxc19ycsvcd3bqk44vyyvyfy59nb-texlive-combined-full-2021.2021040
8/share/texmf/tex/latex/refcount/refcount.sty
Package: refcount 2019/12/15 v3.6 Data extraction from label references (HO)
)
(/nix/store/wgzkhxc19ycsvcd3bqk44vyyvyfy59nb-texlive-combined-full-2021.2021040
8/share/texmf/tex/generic/gettitlestring/gettitlestring.sty
Package: gettitlestring 2019/12/15 v1.6 Cleanup title references (HO)
)
\c@section@level=\count309
)
LaTeX Info: Redefining \ref on input line 70.
LaTeX Info: Redefining \pageref on input line 70.
LaTeX Info: Redefining \nameref on input line 70.
 (./main.out)
(./main.out)
\@outlinefile=\write4
\openout4 = `main.out'.

<profile.jpg, id=7, 318.18875pt x 318.18875pt>
File: profile.jpg Graphic file (type jpg)
<use profile.jpg>
Package pdftex.def Info: profile.jpg  used on input line 72.
(pdftex.def)             Requested size: 85.35376pt x 85.35376pt.

Underfull \hbox (badness 10000) in paragraph at lines 97--98
[]\OT1/cmr/bx/n/10 Programming Lan-guages: \OT1/cmr/m/n/10 Python,
 []


Underfull \hbox (badness 2469) in paragraph at lines 126--126
[]|\OT1/cmr/bx/n/10 Certificate of Par-tic-i-pa-tion in Con-sul-
 []

LaTeX Font Info:    Trying to load font information for OMS+cmtt on input line 
128.
LaTeX Font Info:    No file OMScmtt.fd. on input line 128.

LaTeX Font Warning: Font shape `OMS/cmtt/m/n' undefined
(Font)              using `OMS/cmsy/m/n' instead
(Font)              for symbol `textbraceleft' on input line 128.

[1{/nix/store/wgzkhxc19ycsvcd3bqk44vyyvyfy59nb-texlive-combined-full-2021.20210
408/share/texmf-var/fonts/map/pdftex/updmap/pdftex.map}

 <./profile.jpg>]
<signature.jpg, id=28, 1041.8925pt x 313.17pt>
File: signature.jpg Graphic file (type jpg)
<use signature.jpg>
Package pdftex.def Info: signature.jpg  used on input line 139.
(pdftex.def)             Requested size: 142.25511pt x 42.75876pt.

[2 <./signature.jpg>] (./main.aux)

LaTeX Font Warning: Some font shapes were not available, defaults substituted.

Package rerunfilecheck Info: File `main.out' has not changed.
(rerunfilecheck)             Checksum: D41D8CD98F00B204E9800998ECF8427E;0.
 ) 
Here is how much of TeX's memory you used:
 20396 strings out of 478994
 392025 string characters out of 5829509
 840070 words of memory out of 5000000
 37518 multiletter control sequences out of 15000+600000
 406018 words of font info for 36 fonts, out of 8000000 for 9000
 1141 hyphenation exceptions out of 8191
 87i,15n,89p,1193b,1197s stack positions out of 5000i,500n,10000p,200000b,80000s
</nix/store/wgzkhxc19ycsvcd3bqk44vyyvyfy59nb-texlive-combined-full-2021.20210
408/share/texmf/fonts/type1/public/amsfonts/cm/cmbx10.pfb></nix/store/wgzkhxc19
ycsvcd3bqk44vyyvyfy59nb-texlive-combined-full-2021.20210408/share/texmf/fonts/t
ype1/public/amsfonts/cm/cmbx12.pfb></nix/store/wgzkhxc19ycsvcd3bqk44vyyvyfy59nb
-texlive-combined-full-2021.20210408/share/texmf/fonts/type1/public/amsfonts/cm
/cmr10.pfb></nix/store/wgzkhxc19ycsvcd3bqk44vyyvyfy59nb-texlive-combined-full-2
021.20210408/share/texmf/fonts/type1/public/amsfonts/cm/cmsy8.pfb></nix/store/w
gzkhxc19ycsvcd3bqk44vyyvyfy59nb-texlive-combined-full-2021.20210408/share/texmf
/fonts/type1/public/amsfonts/cm/cmti10.pfb></nix/store/wgzkhxc19ycsvcd3bqk44vyy
vyfy59nb-texlive-combined-full-2021.20210408/share/texmf/fonts/type1/public/ams
fonts/cm/cmtt8.pfb>
Output written on main.pdf (2 pages, 226003 bytes).
PDF statistics:
 57 PDF objects out of 1000 (max. 8388607)
 37 compressed objects within 1 object stream
 3 named destinations out of 1000 (max. 500000)
 23 words of extra memory for PDF output out of 10000 (max. 10000000)

